Arguments: 
  /usr/local/bin/node /usr/bin/yarn add datastructures-js/priority-queue@5.0

PATH: 
  /usr/local/jdk-21/bin:/home/ansanonymo/.local/bin:/usr/local/jdk-21/bin:/home/ansanonymo/.local/bin:/usr/local/sbin:/usr/local/bin:/usr/sbin:/usr/bin:/sbin:/bin:/usr/games:/usr/local/games:/snap/bin

Yarn version: 
  1.22.19

Node version: 
  22.1.0

Platform: 
  linux x64

Trace: 
  Error: https://registry.yarnpkg.com/datastructures-js%2fpriority-queue: Request "https://registry.yarnpkg.com/datastructures-js%2fpriority-queue" returned a 405
      at params.callback [as _callback] (/usr/lib/node_modules/yarn/lib/cli.js:66154:18)
      at self.callback (/usr/lib/node_modules/yarn/lib/cli.js:140890:22)
      at Request.emit (node:events:520:28)
      at Request.<anonymous> (/usr/lib/node_modules/yarn/lib/cli.js:141862:10)
      at Request.emit (node:events:520:28)
      at IncomingMessage.<anonymous> (/usr/lib/node_modules/yarn/lib/cli.js:141784:12)
      at Object.onceWrapper (node:events:634:28)
      at IncomingMessage.emit (node:events:532:35)
      at endReadableNT (node:internal/streams/readable:1696:12)
      at process.processTicksAndRejections (node:internal/process/task_queues:82:21)

npm manifest: 
  {
    "name": "problem-solving-by-javascript",
    "version": "1.0.0",
    "main": "tempCodeRunnerFile.js",
    "dependencies": {
      "@datastructures-js/priority-queue": "github:datastructures-js/priority-queue",
      "colors": "^1.4.0",
      "lodash": "^4.17.21"
    },
    "scripts": {
      "test": "echo \"Error: no test specified\" && exit 1"
    },
    "author": "",
    "license": "ISC",
    "description": ""
  }

yarn manifest: 
  No manifest

Lockfile: 
  # THIS IS AN AUTOGENERATED FILE. DO NOT EDIT THIS FILE DIRECTLY.
  # yarn lockfile v1
  
  
  "@datastructures-js/heap@^4.3.3":
    version "4.3.3"
    resolved "https://registry.yarnpkg.com/@datastructures-js/heap/-/heap-4.3.3.tgz#824c10f092ab03180702f0dea8ce96227ffe50a8"
    integrity sha512-UcUu/DLh/aM4W3C8zZfwxxm6/6FIZUlm3mcAXuNOCa6Aj4iizNvNXQyb8DjZQH2jKSQbMRyNlngP6TPimuGjpQ==
  
  "@datastructures-js/priority-queue@github:datastructures-js/priority-queue":
    version "6.3.1"
    resolved "https://codeload.github.com/datastructures-js/priority-queue/tar.gz/3428a49b0cea4f03c4b69416be6b08ad4364f76f"
    dependencies:
      "@datastructures-js/heap" "^4.3.3"
  
  colors@^1.4.0:
    version "1.4.0"
    resolved "https://registry.yarnpkg.com/colors/-/colors-1.4.0.tgz#c50491479d4c1bdaed2c9ced32cf7c7dc2360f78"
    integrity sha512-a+UqTh4kgZg/SlGvfbzDHpgRu7AAQOmmqRHJnxhRZICKFUT91brVhNNt58CMWU9PsBbv3PDCZUHbVxuDiH2mtA==
  
  lodash@^4.17.21:
    version "4.17.21"
    resolved "https://registry.yarnpkg.com/lodash/-/lodash-4.17.21.tgz#679591c564c3bffaae8454cf0b3df370c3d6911c"
    integrity sha512-v2kDEe57lecTulaDIuNTPy3Ry4gLGJ6Z1O3vE1krgXZNrsQ+LFTGHVxVjcXPs17LhbZVGedAJv8XZ1tvj5FvSg==
